<?xml version="1.0" encoding="UTF-8"?>
<!-- Generated by org.testng.reporters.JUnitReportReporter -->
<testsuite hostname="DESKTOP-80HLJ8Q" failures="0" tests="1" name="org.automation.PTest" time="0.017" errors="0" timestamp="20 Jul 2022 11:48:44 GMT">
  <testcase classname="org.automation.PTest" name="test" time="0.017"/>
</testsuite> <!-- org.automation.PTest -->
