<?xml version="1.0" encoding="UTF-8"?>
<!-- Generated by org.testng.reporters.JUnitReportReporter -->
<testsuite hostname="DESKTOP-FUG0H6V" failures="0" tests="1" name="New.Newclass" time="0.014" errors="0" timestamp="2022-07-19T16:08:37 IST" skipped="0">
  <testcase classname="New.Newclass" name="stat" time="0.014"/>
  <system-out/>
</testsuite> <!-- New.Newclass -->
