<?xml version="1.0" encoding="UTF-8"?>
<!-- Generated by org.testng.reporters.JUnitReportReporter -->
<testsuite hostname="DESKTOP-80HLJ8Q" failures="0" tests="1" name="org.practise.Practise" time="0.014" errors="0" timestamp="20 Jul 2022 10:36:02 GMT">
  <testcase classname="org.practise.Practise" name="test" time="0.014"/>
</testsuite> <!-- org.practise.Practise -->
